<?xml version="1.0" encoding="UTF-8"?>
<testsuite xmlns:xsi="http://www.w3.org/2001/XMLSchema-instance" xsi:noNamespaceSchemaLocation="https://maven.apache.org/surefire/maven-surefire-plugin/xsd/surefire-test-report.xsd" name="tn.esprit.devops_project.services.InvoiceDetailServiceImplTest" time="0.828" tests="8" errors="0" skipped="0" failures="0">
  <properties>
[...]
</properties>
  <testcase name="testRetrieveInvoiceDetail_NotFound" classname="tn.esprit.devops_project.services.InvoiceDetailServiceImplTest" time="0.759"/>
  <testcase name="testDeleteInvoiceDetail" classname="tn.esprit.devops_project.services.InvoiceDetailServiceImplTest" time="0.014"/>
  <testcase name="testRetrieveInvoiceDetail" classname="tn.esprit.devops_project.services.InvoiceDetailServiceImplTest" time="0.01"/>
  <testcase name="testUpdateInvoiceDetailWithLogic" classname="tn.esprit.devops_project.services.InvoiceDetailServiceImplTest" time="0.005"/>
  <testcase name="testUpdateInvoiceDetail_ThrowsExceptionWhenQuantityExceedsStock" classname="tn.esprit.devops_project.services.InvoiceDetailServiceImplTest" time="0.006"/>
  <testcase name="testAddInvoiceDetail" classname="tn.esprit.devops_project.services.InvoiceDetailServiceImplTest" time="0.003"/>
  <testcase name="testCalculateTotalAmount" classname="tn.esprit.devops_project.services.InvoiceDetailServiceImplTest" time="0.001"/>
  <testcase name="testRetrieveAllInvoiceDetails" classname="tn.esprit.devops_project.services.InvoiceDetailServiceImplTest" time="0.004"/>
</testsuite>